<?xml version="1.0" encoding="UTF-8"?>
<robot generator="Robot 4.1 (Python 3.9.6 on win32)" generated="20210819 16:54:36.039" rpa="false" schemaversion="2">
<suite id="s1" name="Screenshot" source="C:\Users\Vineeth -2443\PycharmProjects\pythonProject5\automation\screenshot.robot">
<test id="s1-t1" name="FullTESt">
<kw name="Open Browser" library="SeleniumLibrary">
<arg>https://mail.google.com/mail/u/0/#inbox</arg>
<arg>chrome</arg>
<doc>Opens a new browser instance to the optional ``url``.</doc>
<msg timestamp="20210819 16:54:36.949" level="INFO">Opening browser 'chrome' to base url 'https://mail.google.com/mail/u/0/#inbox'.</msg>
<kw name="Capture Page Screenshot" library="SeleniumLibrary">
<doc>Takes a screenshot of the current page and embeds it into a log file.</doc>
<status status="FAIL" starttime="20210819 16:54:40.963" endtime="20210819 16:54:42.106"/>
</kw>
<msg timestamp="20210819 16:54:42.106" level="WARN">Keyword 'Capture Page Screenshot' could not be run on failure: Execution terminated by signal</msg>
<msg timestamp="20210819 16:54:42.153" level="FAIL">WebDriverException: Message: unknown error: cannot determine loading status
from disconnected: Unable to receive message from renderer
  (Session info: chrome=92.0.4515.159)
</msg>
<status status="FAIL" starttime="20210819 16:54:36.949" endtime="20210819 16:54:42.153"/>
</kw>
<kw name="Maximize Browser Window" library="SeleniumLibrary">
<doc>Maximizes current browser window.</doc>
<status status="NOT RUN" starttime="20210819 16:54:42.153" endtime="20210819 16:54:42.153"/>
</kw>
<kw name="Input Text" library="SeleniumLibrary">
<arg>id:identifierId</arg>
<arg>vineeth.macharla@terralogic.com</arg>
<doc>Types the given ``text`` into the text field identified by ``locator``.</doc>
<status status="NOT RUN" starttime="20210819 16:54:42.153" endtime="20210819 16:54:42.153"/>
</kw>
<kw name="Click Element" library="SeleniumLibrary">
<arg>class:VfPpkd-vQzf8d</arg>
<doc>Click the element identified by ``locator``.</doc>
<status status="NOT RUN" starttime="20210819 16:54:42.153" endtime="20210819 16:54:42.153"/>
</kw>
<kw name="Sleep" library="BuiltIn">
<arg>5s</arg>
<doc>Pauses the test executed for the given time.</doc>
<status status="NOT RUN" starttime="20210819 16:54:42.153" endtime="20210819 16:54:42.153"/>
</kw>
<kw name="Input Text" library="SeleniumLibrary">
<arg>name:password</arg>
<arg>Vineeth.m1@</arg>
<doc>Types the given ``text`` into the text field identified by ``locator``.</doc>
<status status="NOT RUN" starttime="20210819 16:54:42.153" endtime="20210819 16:54:42.153"/>
</kw>
<kw name="Click Element" library="SeleniumLibrary">
<arg>class:VfPpkd-vQzf8d</arg>
<doc>Click the element identified by ``locator``.</doc>
<status status="NOT RUN" starttime="20210819 16:54:42.153" endtime="20210819 16:54:42.153"/>
</kw>
<kw name="Sleep" library="BuiltIn">
<arg>5s</arg>
<doc>Pauses the test executed for the given time.</doc>
<status status="NOT RUN" starttime="20210819 16:54:42.153" endtime="20210819 16:54:42.153"/>
</kw>
<kw name="Capture Page Screenshot" library="SeleniumLibrary">
<arg>Login.png</arg>
<doc>Takes a screenshot of the current page and embeds it into a log file.</doc>
<status status="NOT RUN" starttime="20210819 16:54:42.153" endtime="20210819 16:54:42.153"/>
</kw>
<kw name="Sleep" library="BuiltIn">
<arg>5s</arg>
<doc>Pauses the test executed for the given time.</doc>
<status status="NOT RUN" starttime="20210819 16:54:42.153" endtime="20210819 16:54:42.153"/>
</kw>
<kw name="Click Element" library="SeleniumLibrary">
<arg>xpath://div[contains(text(), 'Compose')]</arg>
<doc>Click the element identified by ``locator``.</doc>
<status status="NOT RUN" starttime="20210819 16:54:42.153" endtime="20210819 16:54:42.153"/>
</kw>
<kw name="Sleep" library="BuiltIn">
<arg>5s</arg>
<doc>Pauses the test executed for the given time.</doc>
<status status="NOT RUN" starttime="20210819 16:54:42.157" endtime="20210819 16:54:42.157"/>
</kw>
<kw name="Input Text" library="SeleniumLibrary">
<arg>xpath:(//textarea[@class='vO'])[1]</arg>
<arg>vineeth.macharla2479@gmail.com</arg>
<doc>Types the given ``text`` into the text field identified by ``locator``.</doc>
<status status="NOT RUN" starttime="20210819 16:54:42.157" endtime="20210819 16:54:42.158"/>
</kw>
<kw name="Sleep" library="BuiltIn">
<arg>5s</arg>
<doc>Pauses the test executed for the given time.</doc>
<status status="NOT RUN" starttime="20210819 16:54:42.158" endtime="20210819 16:54:42.158"/>
</kw>
<kw name="Input Text" library="SeleniumLibrary">
<arg>name:subjectbox</arg>
<arg>Robot framework : Sendingscreenshotsmailautomation</arg>
<doc>Types the given ``text`` into the text field identified by ``locator``.</doc>
<status status="NOT RUN" starttime="20210819 16:54:42.158" endtime="20210819 16:54:42.159"/>
</kw>
<kw name="Sleep" library="BuiltIn">
<arg>6s</arg>
<doc>Pauses the test executed for the given time.</doc>
<status status="NOT RUN" starttime="20210819 16:54:42.159" endtime="20210819 16:54:42.159"/>
</kw>
<kw name="Sleep" library="BuiltIn">
<arg>5s</arg>
<doc>Pauses the test executed for the given time.</doc>
<status status="NOT RUN" starttime="20210819 16:54:42.159" endtime="20210819 16:54:42.159"/>
</kw>
<kw name="Choose File" library="SeleniumLibrary">
<arg>xpath://input[@type='file']</arg>
<arg>C:/Users/Vineeth -2443/PycharmProjects/pythonProject5/login.png</arg>
<doc>Inputs the ``file_path`` into the file input field ``locator``.</doc>
<status status="NOT RUN" starttime="20210819 16:54:42.159" endtime="20210819 16:54:42.159"/>
</kw>
<kw name="Sleep" library="BuiltIn">
<arg>5s</arg>
<doc>Pauses the test executed for the given time.</doc>
<status status="NOT RUN" starttime="20210819 16:54:42.160" endtime="20210819 16:54:42.160"/>
</kw>
<kw name="Click Element" library="SeleniumLibrary">
<arg>xpath://div[@class="T-I J-J5-Ji aoO v7 T-I-atl L3"]</arg>
<doc>Click the element identified by ``locator``.</doc>
<status status="NOT RUN" starttime="20210819 16:54:42.160" endtime="20210819 16:54:42.160"/>
</kw>
<status status="FAIL" starttime="20210819 16:54:36.949" endtime="20210819 16:54:42.161">WebDriverException: Message: unknown error: cannot determine loading status
from disconnected: Unable to receive message from renderer
  (Session info: chrome=92.0.4515.159)
</status>
</test>
<status status="FAIL" starttime="20210819 16:54:36.044" endtime="20210819 16:54:42.162"/>
</suite>
<statistics>
<total>
<stat pass="0" fail="1" skip="0">All Tests</stat>
</total>
<tag>
</tag>
<suite>
<stat pass="0" fail="1" skip="0" id="s1" name="Screenshot">Screenshot</stat>
</suite>
</statistics>
<errors>
<msg timestamp="20210819 16:54:42.106" level="WARN">Keyword 'Capture Page Screenshot' could not be run on failure: Execution terminated by signal</msg>
</errors>
</robot>
